Copyright 1986-2019 Xilinx, Inc. All Rights Reserved.
-------------------------------------------------------------------------------------
| Tool Version : Vivado v.2019.1 (win64) Build 2552052 Fri May 24 14:49:42 MDT 2019
| Date         : Thu Mar  7 14:38:46 2024
| Host         : DESKTOP-FV1L0RM running 64-bit major release  (build 9200)
| Command      : report_control_sets -verbose -file topL6W24_control_sets_placed.rpt
| Design       : topL6W24
| Device       : xc7a35t
-------------------------------------------------------------------------------------

Control Set Information

Table of Contents
-----------------
1. Summary
2. Histogram
3. Flip-Flop Distribution
4. Detailed Control Set Information

1. Summary
----------

+----------------------------------------------------------+-------+
|                          Status                          | Count |
+----------------------------------------------------------+-------+
| Total control sets                                       |    24 |
|    Minimum number of control sets                        |    24 |
|    Addition due to synthesis replication                 |     0 |
|    Addition due to physical synthesis replication        |     0 |
| Unused register locations in slices containing registers |    96 |
+----------------------------------------------------------+-------+
* Control sets can be merged at opt_design using control_set_merge or merge_equivalent_drivers
** Run report_qor_suggestions for automated merging and remapping suggestions


2. Histogram
------------

+--------------------+-------+
|       Fanout       | Count |
+--------------------+-------+
| Total control sets |    24 |
| >= 0 to < 4        |     4 |
| >= 4 to < 6        |    19 |
| >= 6 to < 8        |     0 |
| >= 8 to < 10       |     0 |
| >= 10 to < 12      |     0 |
| >= 12 to < 14      |     0 |
| >= 14 to < 16      |     0 |
| >= 16              |     1 |
+--------------------+-------+
* Control sets can be remapped at either synth_design or opt_design


3. Flip-Flop Distribution
-------------------------

+--------------+-----------------------+------------------------+-----------------+--------------+
| Clock Enable | Synchronous Set/Reset | Asynchronous Set/Reset | Total Registers | Total Slices |
+--------------+-----------------------+------------------------+-----------------+--------------+
| No           | No                    | No                     |              41 |           18 |
| No           | No                    | Yes                    |               0 |            0 |
| No           | Yes                   | No                     |               0 |            0 |
| Yes          | No                    | No                     |              94 |           40 |
| Yes          | No                    | Yes                    |               0 |            0 |
| Yes          | Yes                   | No                     |               1 |            1 |
+--------------+-----------------------+------------------------+-----------------+--------------+


4. Detailed Control Set Information
-----------------------------------

+------------------------------+-----------------------------------------+-----------------------+------------------+----------------+
|         Clock Signal         |              Enable Signal              |    Set/Reset Signal   | Slice Load Count | Bel Load Count |
+------------------------------+-----------------------------------------+-----------------------+------------------+----------------+
|  not_so_slow/slowclk/clk_out | Slug/CE06_out                           |                       |                1 |              1 |
|  not_so_slow/slowclk/clk_out | synchedC                                |                       |                1 |              1 |
|  not_so_slow/slowclk/clk_out | alternateCount/one/FE3_0                | alternateCount/one/R0 |                1 |              1 |
|  not_so_slow/slowclk/clk_out | gameStarted                             |                       |                1 |              2 |
|  not_so_slow/slowclk/clk_out | not_so_slow/slowclk/XLXI_40/CEO         |                       |                2 |              4 |
|  not_so_slow/slowclk/clk_out | not_so_slow/slowclk/XLXI_45/CEO         |                       |                1 |              4 |
|  not_so_slow/slowclk/clk_out | Slug/SlugLocation/one/CE2               |                       |                1 |              4 |
|  not_so_slow/slowclk/clk_out | not_so_slow/slowclk/XLXI_38/I_36_31_n_0 |                       |                2 |              4 |
|  not_so_slow/slowclk/clk_out | not_so_slow/slowclk/XLXI_39/CEO         |                       |                2 |              4 |
|  not_so_slow/slowclk/clk_out | Slug/SlugLocation/CEE                   |                       |                2 |              5 |
|  not_so_slow/slowclk/clk_out | grid/heightCount/two/CE3                |                       |                2 |              5 |
|  not_so_slow/slowclk/clk_out | grid/heightCount/CEE                    |                       |                2 |              5 |
|  not_so_slow/slowclk/clk_out | grid/widthCount/one/CE2                 |                       |                2 |              5 |
|  not_so_slow/slowclk/clk_out | grid/widthCount/CEE                     |                       |                2 |              5 |
|  not_so_slow/slowclk/clk_out | grid/widthCount/two/CE3                 |                       |                2 |              5 |
|  not_so_slow/slowclk/clk_out | alternateCount/CEE                      |                       |                2 |              5 |
|  not_so_slow/slowclk/clk_out | energyCount/one/CE2                     |                       |                3 |              5 |
|  not_so_slow/slowclk/clk_out | energyCount/CEE                         |                       |                2 |              5 |
|  not_so_slow/slowclk/clk_out | pointCount/CEE                          |                       |                1 |              5 |
|  not_so_slow/slowclk/clk_out | energyCount/two/CE3                     |                       |                2 |              5 |
|  not_so_slow/slowclk/clk_out | pointCount/one/CE2                      |                       |                3 |              5 |
|  not_so_slow/slowclk/clk_out | pointCount/two/CE3                      |                       |                2 |              5 |
|  not_so_slow/slowclk/clk_out | grid/heightCount/one/CE2                |                       |                2 |              5 |
|  not_so_slow/slowclk/clk_out |                                         |                       |               18 |             41 |
+------------------------------+-----------------------------------------+-----------------------+------------------+----------------+


